<?xml version="1.0" encoding="UTF-8"?>
<testng-results skipped="0" failed="0" ignored="0" total="1" passed="1">
  <reporter-output>
  </reporter-output>
  <suite name="Default suite" duration-ms="25169" started-at="2021-04-16T01:45:35Z" finished-at="2021-04-16T01:46:00Z">
    <groups>
    </groups>
    <test name="Default test" duration-ms="25169" started-at="2021-04-16T01:45:35Z" finished-at="2021-04-16T01:46:00Z">
      <class name="TestCases.HomePage">
        <test-method status="PASS" signature="browserlaunch()[pri:0, instance:TestCases.HomePage@10fda3d0]" name="browserlaunch" is-config="true" duration-ms="25078" started-at="2021-04-16T01:45:35Z" finished-at="2021-04-16T01:46:00Z">
          <reporter-output>
          </reporter-output>
        </test-method> <!-- browserlaunch -->
        <test-method status="PASS" signature="login()[pri:0, instance:TestCases.HomePage@10fda3d0]" name="login" duration-ms="20" started-at="2021-04-16T01:46:00Z" finished-at="2021-04-16T01:46:00Z">
          <reporter-output>
          </reporter-output>
        </test-method> <!-- login -->
      </class> <!-- TestCases.HomePage -->
    </test> <!-- Default test -->
  </suite> <!-- Default suite -->
</testng-results>
